Classic Timing Analyzer report for vuaparalela
Fri Jun 01 12:18:25 2018
Quartus II Version 9.1 Build 350 03/24/2010 Service Pack 2 SJ Web Edition


---------------------
; Table of Contents ;
---------------------
  1. Legal Notice
  2. Timing Analyzer Summary
  3. Timing Analyzer Settings
  4. Parallel Compilation
  5. tpd
  6. Timing Analyzer Messages



----------------
; Legal Notice ;
----------------
Copyright (C) 1991-2010 Altera Corporation
Your use of Altera Corporation's design tools, logic functions 
and other software and tools, and its AMPP partner logic 
functions, and any output files from any of the foregoing 
(including device programming or simulation files), and any 
associated documentation or information are expressly subject 
to the terms and conditions of the Altera Program License 
Subscription Agreement, Altera MegaCore Function License 
Agreement, or other applicable license agreement, including, 
without limitation, that your use is for the sole purpose of 
programming logic devices manufactured by Altera and sold by 
Altera or its authorized distributors.  Please refer to the 
applicable agreement for further details.



+-------------------------------------------------------------------------------------------------------------------------+
; Timing Analyzer Summary                                                                                                 ;
+------------------------------+-------+---------------+-------------+------+------+------------+----------+--------------+
; Type                         ; Slack ; Required Time ; Actual Time ; From ; To   ; From Clock ; To Clock ; Failed Paths ;
+------------------------------+-------+---------------+-------------+------+------+------------+----------+--------------+
; Worst-case tpd               ; N/A   ; None          ; 11.257 ns   ; c0   ; c[4] ; --         ; --       ; 0            ;
; Total number of failed paths ;       ;               ;             ;      ;      ;            ;          ; 0            ;
+------------------------------+-------+---------------+-------------+------+------+------------+----------+--------------+


+-----------------------------------------------------------------------------------------------------------------------------------------------------+
; Timing Analyzer Settings                                                                                                                            ;
+------------------------------------------------------------------------------------------------------+--------------------+------+----+-------------+
; Option                                                                                               ; Setting            ; From ; To ; Entity Name ;
+------------------------------------------------------------------------------------------------------+--------------------+------+----+-------------+
; Device Name                                                                                          ; EP2C5T144C6        ;      ;    ;             ;
; Timing Models                                                                                        ; Final              ;      ;    ;             ;
; Default hold multicycle                                                                              ; Same as Multicycle ;      ;    ;             ;
; Cut paths between unrelated clock domains                                                            ; On                 ;      ;    ;             ;
; Cut off read during write signal paths                                                               ; On                 ;      ;    ;             ;
; Cut off feedback from I/O pins                                                                       ; On                 ;      ;    ;             ;
; Report Combined Fast/Slow Timing                                                                     ; Off                ;      ;    ;             ;
; Ignore Clock Settings                                                                                ; Off                ;      ;    ;             ;
; Analyze latches as synchronous elements                                                              ; On                 ;      ;    ;             ;
; Enable Recovery/Removal analysis                                                                     ; Off                ;      ;    ;             ;
; Enable Clock Latency                                                                                 ; Off                ;      ;    ;             ;
; Use TimeQuest Timing Analyzer                                                                        ; Off                ;      ;    ;             ;
; Minimum Core Junction Temperature                                                                    ; 0                  ;      ;    ;             ;
; Maximum Core Junction Temperature                                                                    ; 85                 ;      ;    ;             ;
; Number of source nodes to report per destination node                                                ; 10                 ;      ;    ;             ;
; Number of destination nodes to report                                                                ; 10                 ;      ;    ;             ;
; Number of paths to report                                                                            ; 200                ;      ;    ;             ;
; Report Minimum Timing Checks                                                                         ; Off                ;      ;    ;             ;
; Use Fast Timing Models                                                                               ; Off                ;      ;    ;             ;
; Report IO Paths Separately                                                                           ; Off                ;      ;    ;             ;
; Perform Multicorner Analysis                                                                         ; On                 ;      ;    ;             ;
; Reports the worst-case path for each clock domain and analysis                                       ; Off                ;      ;    ;             ;
; Reports worst-case timing paths for each clock domain and analysis                                   ; On                 ;      ;    ;             ;
; Specifies the maximum number of worst-case timing paths to report for each clock domain and analysis ; 100                ;      ;    ;             ;
; Removes common clock path pessimism (CCPP) during slack computation                                  ; Off                ;      ;    ;             ;
; Output I/O Timing Endpoint                                                                           ; Near End           ;      ;    ;             ;
+------------------------------------------------------------------------------------------------------+--------------------+------+----+-------------+


Parallel compilation was disabled, but you have multiple processors available. Enable parallel compilation to reduce compilation time.
+-------------------------------------+
; Parallel Compilation                ;
+----------------------------+--------+
; Processors                 ; Number ;
+----------------------------+--------+
; Number detected on machine ; 4      ;
; Maximum allowed            ; 1      ;
+----------------------------+--------+


+-----------------------------------------------------------+
; tpd                                                       ;
+-------+-------------------+-----------------+------+------+
; Slack ; Required P2P Time ; Actual P2P Time ; From ; To   ;
+-------+-------------------+-----------------+------+------+
; N/A   ; None              ; 11.257 ns       ; c0   ; c[4] ;
; N/A   ; None              ; 11.112 ns       ; g[0] ; c[4] ;
; N/A   ; None              ; 10.621 ns       ; g[1] ; c[4] ;
; N/A   ; None              ; 10.403 ns       ; g[0] ; gg   ;
; N/A   ; None              ; 10.367 ns       ; g[3] ; c[4] ;
; N/A   ; None              ; 10.307 ns       ; g[1] ; gg   ;
; N/A   ; None              ; 10.247 ns       ; c0   ; c[3] ;
; N/A   ; None              ; 10.238 ns       ; g[2] ; c[4] ;
; N/A   ; None              ; 10.156 ns       ; g[0] ; c[2] ;
; N/A   ; None              ; 10.102 ns       ; g[0] ; c[3] ;
; N/A   ; None              ; 10.061 ns       ; g[1] ; c[2] ;
; N/A   ; None              ; 9.960 ns        ; c0   ; c[1] ;
; N/A   ; None              ; 9.901 ns        ; g[3] ; gg   ;
; N/A   ; None              ; 9.889 ns        ; c0   ; c[2] ;
; N/A   ; None              ; 9.825 ns        ; g[0] ; c[1] ;
; N/A   ; None              ; 9.769 ns        ; g[2] ; gg   ;
; N/A   ; None              ; 9.470 ns        ; g[2] ; c[3] ;
; N/A   ; None              ; 9.332 ns        ; g[1] ; c[3] ;
; N/A   ; None              ; 6.890 ns        ; p[1] ; c[4] ;
; N/A   ; None              ; 6.880 ns        ; p[0] ; c[4] ;
; N/A   ; None              ; 6.526 ns        ; p[2] ; c[4] ;
; N/A   ; None              ; 6.202 ns        ; p[2] ; gg   ;
; N/A   ; None              ; 6.182 ns        ; p[1] ; gg   ;
; N/A   ; None              ; 5.936 ns        ; p[1] ; c[2] ;
; N/A   ; None              ; 5.932 ns        ; p[3] ; c[4] ;
; N/A   ; None              ; 5.880 ns        ; p[1] ; c[3] ;
; N/A   ; None              ; 5.870 ns        ; p[0] ; c[3] ;
; N/A   ; None              ; 5.590 ns        ; p[0] ; c[1] ;
; N/A   ; None              ; 5.517 ns        ; p[0] ; c[2] ;
; N/A   ; None              ; 5.318 ns        ; p[3] ; gg   ;
; N/A   ; None              ; 5.087 ns        ; p[2] ; pg   ;
; N/A   ; None              ; 5.042 ns        ; p[0] ; pg   ;
; N/A   ; None              ; 4.936 ns        ; p[2] ; c[3] ;
; N/A   ; None              ; 4.896 ns        ; p[3] ; pg   ;
; N/A   ; None              ; 4.807 ns        ; p[1] ; pg   ;
+-------+-------------------+-----------------+------+------+


+--------------------------+
; Timing Analyzer Messages ;
+--------------------------+
Info: *******************************************************************
Info: Running Quartus II Classic Timing Analyzer
    Info: Version 9.1 Build 350 03/24/2010 Service Pack 2 SJ Web Edition
    Info: Processing started: Fri Jun 01 12:18:24 2018
Info: Command: quartus_tan --read_settings_files=off --write_settings_files=off vuaparalela -c vuaparalela --timing_analysis_only
Info: Longest tpd from source pin "c0" to destination pin "c[4]" is 11.257 ns
    Info: 1: + IC(0.000 ns) + CELL(0.850 ns) = 0.850 ns; Loc. = PIN_141; Fanout = 3; PIN Node = 'c0'
    Info: 2: + IC(5.056 ns) + CELL(0.275 ns) = 6.181 ns; Loc. = LCCOMB_X1_Y6_N28; Fanout = 2; COMB Node = 'c~3'
    Info: 3: + IC(0.246 ns) + CELL(0.150 ns) = 6.577 ns; Loc. = LCCOMB_X1_Y6_N24; Fanout = 1; COMB Node = 'c~5'
    Info: 4: + IC(0.247 ns) + CELL(0.271 ns) = 7.095 ns; Loc. = LCCOMB_X1_Y6_N18; Fanout = 1; COMB Node = 'c~6'
    Info: 5: + IC(1.354 ns) + CELL(2.808 ns) = 11.257 ns; Loc. = PIN_47; Fanout = 0; PIN Node = 'c[4]'
    Info: Total cell delay = 4.354 ns ( 38.68 % )
    Info: Total interconnect delay = 6.903 ns ( 61.32 % )
Info: Quartus II Classic Timing Analyzer was successful. 0 errors, 0 warnings
    Info: Peak virtual memory: 165 megabytes
    Info: Processing ended: Fri Jun 01 12:18:25 2018
    Info: Elapsed time: 00:00:01
    Info: Total CPU time (on all processors): 00:00:00


