Classic Timing Analyzer report for cla16
Fri Jun 08 09:25:57 2018
Quartus II Version 9.1 Build 350 03/24/2010 Service Pack 2 SJ Web Edition


---------------------
; Table of Contents ;
---------------------
  1. Legal Notice
  2. Timing Analyzer Summary
  3. Timing Analyzer Settings
  4. Parallel Compilation
  5. tpd
  6. Timing Analyzer Messages



----------------
; Legal Notice ;
----------------
Copyright (C) 1991-2010 Altera Corporation
Your use of Altera Corporation's design tools, logic functions 
and other software and tools, and its AMPP partner logic 
functions, and any output files from any of the foregoing 
(including device programming or simulation files), and any 
associated documentation or information are expressly subject 
to the terms and conditions of the Altera Program License 
Subscription Agreement, Altera MegaCore Function License 
Agreement, or other applicable license agreement, including, 
without limitation, that your use is for the sole purpose of 
programming logic devices manufactured by Altera and sold by 
Altera or its authorized distributors.  Please refer to the 
applicable agreement for further details.



+--------------------------------------------------------------------------------------------------------------------------+
; Timing Analyzer Summary                                                                                                  ;
+------------------------------+-------+---------------+-------------+------+-------+------------+----------+--------------+
; Type                         ; Slack ; Required Time ; Actual Time ; From ; To    ; From Clock ; To Clock ; Failed Paths ;
+------------------------------+-------+---------------+-------------+------+-------+------------+----------+--------------+
; Worst-case tpd               ; N/A   ; None          ; 16.798 ns   ; a[5] ; s[15] ; --         ; --       ; 0            ;
; Total number of failed paths ;       ;               ;             ;      ;       ;            ;          ; 0            ;
+------------------------------+-------+---------------+-------------+------+-------+------------+----------+--------------+


+-----------------------------------------------------------------------------------------------------------------------------------------------------+
; Timing Analyzer Settings                                                                                                                            ;
+------------------------------------------------------------------------------------------------------+--------------------+------+----+-------------+
; Option                                                                                               ; Setting            ; From ; To ; Entity Name ;
+------------------------------------------------------------------------------------------------------+--------------------+------+----+-------------+
; Device Name                                                                                          ; EP2C5T144C6        ;      ;    ;             ;
; Timing Models                                                                                        ; Final              ;      ;    ;             ;
; Default hold multicycle                                                                              ; Same as Multicycle ;      ;    ;             ;
; Cut paths between unrelated clock domains                                                            ; On                 ;      ;    ;             ;
; Cut off read during write signal paths                                                               ; On                 ;      ;    ;             ;
; Cut off feedback from I/O pins                                                                       ; On                 ;      ;    ;             ;
; Report Combined Fast/Slow Timing                                                                     ; Off                ;      ;    ;             ;
; Ignore Clock Settings                                                                                ; Off                ;      ;    ;             ;
; Analyze latches as synchronous elements                                                              ; On                 ;      ;    ;             ;
; Enable Recovery/Removal analysis                                                                     ; Off                ;      ;    ;             ;
; Enable Clock Latency                                                                                 ; Off                ;      ;    ;             ;
; Use TimeQuest Timing Analyzer                                                                        ; Off                ;      ;    ;             ;
; Minimum Core Junction Temperature                                                                    ; 0                  ;      ;    ;             ;
; Maximum Core Junction Temperature                                                                    ; 85                 ;      ;    ;             ;
; Number of source nodes to report per destination node                                                ; 10                 ;      ;    ;             ;
; Number of destination nodes to report                                                                ; 10                 ;      ;    ;             ;
; Number of paths to report                                                                            ; 200                ;      ;    ;             ;
; Report Minimum Timing Checks                                                                         ; Off                ;      ;    ;             ;
; Use Fast Timing Models                                                                               ; Off                ;      ;    ;             ;
; Report IO Paths Separately                                                                           ; Off                ;      ;    ;             ;
; Perform Multicorner Analysis                                                                         ; On                 ;      ;    ;             ;
; Reports the worst-case path for each clock domain and analysis                                       ; Off                ;      ;    ;             ;
; Reports worst-case timing paths for each clock domain and analysis                                   ; On                 ;      ;    ;             ;
; Specifies the maximum number of worst-case timing paths to report for each clock domain and analysis ; 100                ;      ;    ;             ;
; Removes common clock path pessimism (CCPP) during slack computation                                  ; Off                ;      ;    ;             ;
; Output I/O Timing Endpoint                                                                           ; Near End           ;      ;    ;             ;
+------------------------------------------------------------------------------------------------------+--------------------+------+----+-------------+


Parallel compilation was disabled, but you have multiple processors available. Enable parallel compilation to reduce compilation time.
+-------------------------------------+
; Parallel Compilation                ;
+----------------------------+--------+
; Processors                 ; Number ;
+----------------------------+--------+
; Number detected on machine ; 4      ;
; Maximum allowed            ; 1      ;
+----------------------------+--------+


+---------------------------------------------------------------------------------------------------------------------------------+
; tpd                                                                                                                             ;
+-----------------------------------------+-----------------------------------------------------+-----------------+-------+-------+
; Slack                                   ; Required P2P Time                                   ; Actual P2P Time ; From  ; To    ;
+-----------------------------------------+-----------------------------------------------------+-----------------+-------+-------+
; N/A                                     ; None                                                ; 16.798 ns       ; a[5]  ; s[15] ;
; N/A                                     ; None                                                ; 16.652 ns       ; a[7]  ; s[15] ;
; N/A                                     ; None                                                ; 16.341 ns       ; b[5]  ; s[15] ;
; N/A                                     ; None                                                ; 16.333 ns       ; b[3]  ; s[15] ;
; N/A                                     ; None                                                ; 16.085 ns       ; b[7]  ; s[15] ;
; N/A                                     ; None                                                ; 16.068 ns       ; b[6]  ; s[15] ;
; N/A                                     ; None                                                ; 15.985 ns       ; a[5]  ; s[14] ;
; N/A                                     ; None                                                ; 15.961 ns       ; a[3]  ; s[15] ;
; N/A                                     ; None                                                ; 15.921 ns       ; b[10] ; s[15] ;
; N/A                                     ; None                                                ; 15.889 ns       ; a[4]  ; s[15] ;
; N/A                                     ; None                                                ; 15.878 ns       ; b[0]  ; s[15] ;
; N/A                                     ; None                                                ; 15.858 ns       ; b[1]  ; s[15] ;
; N/A                                     ; None                                                ; 15.839 ns       ; a[7]  ; s[14] ;
; N/A                                     ; None                                                ; 15.824 ns       ; a[0]  ; s[15] ;
; N/A                                     ; None                                                ; 15.782 ns       ; a[11] ; s[15] ;
; N/A                                     ; None                                                ; 15.750 ns       ; a[6]  ; s[15] ;
; N/A                                     ; None                                                ; 15.696 ns       ; b[11] ; s[15] ;
; N/A                                     ; None                                                ; 15.658 ns       ; a[5]  ; s[13] ;
; N/A                                     ; None                                                ; 15.652 ns       ; b[2]  ; s[15] ;
; N/A                                     ; None                                                ; 15.617 ns       ; b[8]  ; s[15] ;
; N/A                                     ; None                                                ; 15.611 ns       ; b[4]  ; s[15] ;
; N/A                                     ; None                                                ; 15.528 ns       ; b[5]  ; s[14] ;
; N/A                                     ; None                                                ; 15.526 ns       ; b[1]  ; s[10] ;
; N/A                                     ; None                                                ; 15.526 ns       ; a[5]  ; s[10] ;
; N/A                                     ; None                                                ; 15.522 ns       ; a[10] ; s[15] ;
; N/A                                     ; None                                                ; 15.517 ns       ; b[3]  ; s[14] ;
; N/A                                     ; None                                                ; 15.512 ns       ; a[7]  ; s[13] ;
; N/A                                     ; None                                                ; 15.444 ns       ; a[5]  ; s[12] ;
; N/A                                     ; None                                                ; 15.380 ns       ; a[7]  ; s[10] ;
; N/A                                     ; None                                                ; 15.363 ns       ; b[9]  ; s[15] ;
; N/A                                     ; None                                                ; 15.298 ns       ; a[7]  ; s[12] ;
; N/A                                     ; None                                                ; 15.297 ns       ; a[2]  ; s[15] ;
; N/A                                     ; None                                                ; 15.272 ns       ; b[7]  ; s[14] ;
; N/A                                     ; None                                                ; 15.255 ns       ; b[6]  ; s[14] ;
; N/A                                     ; None                                                ; 15.201 ns       ; b[5]  ; s[13] ;
; N/A                                     ; None                                                ; 15.190 ns       ; b[3]  ; s[13] ;
; N/A                                     ; None                                                ; 15.184 ns       ; a[8]  ; s[15] ;
; N/A                                     ; None                                                ; 15.145 ns       ; a[3]  ; s[14] ;
; N/A                                     ; None                                                ; 15.099 ns       ; a[9]  ; s[15] ;
; N/A                                     ; None                                                ; 15.079 ns       ; b[3]  ; s[10] ;
; N/A                                     ; None                                                ; 15.076 ns       ; a[4]  ; s[14] ;
; N/A                                     ; None                                                ; 15.069 ns       ; b[5]  ; s[10] ;
; N/A                                     ; None                                                ; 15.062 ns       ; b[0]  ; s[14] ;
; N/A                                     ; None                                                ; 15.042 ns       ; b[1]  ; s[14] ;
; N/A                                     ; None                                                ; 15.008 ns       ; a[0]  ; s[14] ;
; N/A                                     ; None                                                ; 14.987 ns       ; b[5]  ; s[12] ;
; N/A                                     ; None                                                ; 14.978 ns       ; b[3]  ; s[12] ;
; N/A                                     ; None                                                ; 14.945 ns       ; b[7]  ; s[13] ;
; N/A                                     ; None                                                ; 14.941 ns       ; b[10] ; s[14] ;
; N/A                                     ; None                                                ; 14.937 ns       ; a[6]  ; s[14] ;
; N/A                                     ; None                                                ; 14.928 ns       ; b[6]  ; s[13] ;
; N/A                                     ; None                                                ; 14.885 ns       ; a[3]  ; s[10] ;
; N/A                                     ; None                                                ; 14.857 ns       ; b[2]  ; s[10] ;
; N/A                                     ; None                                                ; 14.836 ns       ; b[2]  ; s[14] ;
; N/A                                     ; None                                                ; 14.818 ns       ; a[3]  ; s[13] ;
; N/A                                     ; None                                                ; 14.813 ns       ; b[7]  ; s[10] ;
; N/A                                     ; None                                                ; 14.802 ns       ; a[11] ; s[14] ;
; N/A                                     ; None                                                ; 14.798 ns       ; b[4]  ; s[14] ;
; N/A                                     ; None                                                ; 14.796 ns       ; b[6]  ; s[10] ;
; N/A                                     ; None                                                ; 14.794 ns       ; b[3]  ; s[7]  ;
; N/A                                     ; None                                                ; 14.749 ns       ; a[4]  ; s[13] ;
; N/A                                     ; None                                                ; 14.735 ns       ; b[0]  ; s[13] ;
; N/A                                     ; None                                                ; 14.731 ns       ; b[7]  ; s[12] ;
; N/A                                     ; None                                                ; 14.716 ns       ; b[11] ; s[14] ;
; N/A                                     ; None                                                ; 14.715 ns       ; b[1]  ; s[13] ;
; N/A                                     ; None                                                ; 14.714 ns       ; b[6]  ; s[12] ;
; N/A                                     ; None                                                ; 14.681 ns       ; a[0]  ; s[13] ;
; N/A                                     ; None                                                ; 14.653 ns       ; a[1]  ; s[15] ;
; N/A                                     ; None                                                ; 14.637 ns       ; b[8]  ; s[14] ;
; N/A                                     ; None                                                ; 14.617 ns       ; a[4]  ; s[10] ;
; N/A                                     ; None                                                ; 14.614 ns       ; b[10] ; s[13] ;
; N/A                                     ; None                                                ; 14.610 ns       ; a[6]  ; s[13] ;
; N/A                                     ; None                                                ; 14.606 ns       ; a[3]  ; s[12] ;
; N/A                                     ; None                                                ; 14.589 ns       ; b[0]  ; s[10] ;
; N/A                                     ; None                                                ; 14.542 ns       ; a[10] ; s[14] ;
; N/A                                     ; None                                                ; 14.535 ns       ; a[4]  ; s[12] ;
; N/A                                     ; None                                                ; 14.535 ns       ; a[0]  ; s[10] ;
; N/A                                     ; None                                                ; 14.523 ns       ; b[0]  ; s[12] ;
; N/A                                     ; None                                                ; 14.509 ns       ; b[2]  ; s[13] ;
; N/A                                     ; None                                                ; 14.503 ns       ; b[1]  ; s[12] ;
; N/A                                     ; None                                                ; 14.502 ns       ; a[2]  ; s[10] ;
; N/A                                     ; None                                                ; 14.481 ns       ; a[2]  ; s[14] ;
; N/A                                     ; None                                                ; 14.478 ns       ; a[6]  ; s[10] ;
; N/A                                     ; None                                                ; 14.475 ns       ; a[11] ; s[13] ;
; N/A                                     ; None                                                ; 14.471 ns       ; b[4]  ; s[13] ;
; N/A                                     ; None                                                ; 14.469 ns       ; a[0]  ; s[12] ;
; N/A                                     ; None                                                ; 14.422 ns       ; a[3]  ; s[7]  ;
; N/A                                     ; None                                                ; 14.400 ns       ; b[10] ; s[12] ;
; N/A                                     ; None                                                ; 14.396 ns       ; a[6]  ; s[12] ;
; N/A                                     ; None                                                ; 14.389 ns       ; b[11] ; s[13] ;
; N/A                                     ; None                                                ; 14.383 ns       ; b[9]  ; s[14] ;
; N/A                                     ; None                                                ; 14.341 ns       ; a[1]  ; s[10] ;
; N/A                                     ; None                                                ; 14.339 ns       ; b[4]  ; s[10] ;
; N/A                                     ; None                                                ; 14.339 ns       ; b[0]  ; s[7]  ;
; N/A                                     ; None                                                ; 14.319 ns       ; b[1]  ; s[7]  ;
; N/A                                     ; None                                                ; 14.310 ns       ; b[8]  ; s[13] ;
; N/A                                     ; None                                                ; 14.297 ns       ; b[2]  ; s[12] ;
; N/A                                     ; None                                                ; 14.287 ns       ; cin   ; s[15] ;
; N/A                                     ; None                                                ; 14.285 ns       ; a[0]  ; s[7]  ;
; N/A                                     ; None                                                ; 14.261 ns       ; a[11] ; s[12] ;
; N/A                                     ; None                                                ; 14.257 ns       ; b[4]  ; s[12] ;
; N/A                                     ; None                                                ; 14.215 ns       ; a[10] ; s[13] ;
; N/A                                     ; None                                                ; 14.204 ns       ; a[8]  ; s[14] ;
; N/A                                     ; None                                                ; 14.198 ns       ; cin   ; s[10] ;
; N/A                                     ; None                                                ; 14.175 ns       ; b[11] ; s[12] ;
; N/A                                     ; None                                                ; 14.154 ns       ; a[2]  ; s[13] ;
; N/A                                     ; None                                                ; 14.119 ns       ; a[9]  ; s[14] ;
; N/A                                     ; None                                                ; 14.113 ns       ; b[2]  ; s[7]  ;
; N/A                                     ; None                                                ; 14.096 ns       ; b[8]  ; s[12] ;
; N/A                                     ; None                                                ; 14.071 ns       ; b[3]  ; s[6]  ;
; N/A                                     ; None                                                ; 14.056 ns       ; b[9]  ; s[13] ;
; N/A                                     ; None                                                ; 14.001 ns       ; a[10] ; s[12] ;
; N/A                                     ; None                                                ; 13.942 ns       ; a[2]  ; s[12] ;
; N/A                                     ; None                                                ; 13.913 ns       ; a[5]  ; g     ;
; N/A                                     ; None                                                ; 13.877 ns       ; a[8]  ; s[13] ;
; N/A                                     ; None                                                ; 13.842 ns       ; b[9]  ; s[12] ;
; N/A                                     ; None                                                ; 13.842 ns       ; b[1]  ; s[11] ;
; N/A                                     ; None                                                ; 13.842 ns       ; a[5]  ; s[11] ;
; N/A                                     ; None                                                ; 13.837 ns       ; a[1]  ; s[14] ;
; N/A                                     ; None                                                ; 13.792 ns       ; a[9]  ; s[13] ;
; N/A                                     ; None                                                ; 13.767 ns       ; a[7]  ; g     ;
; N/A                                     ; None                                                ; 13.758 ns       ; a[2]  ; s[7]  ;
; N/A                                     ; None                                                ; 13.735 ns       ; b[1]  ; s[8]  ;
; N/A                                     ; None                                                ; 13.735 ns       ; a[5]  ; s[8]  ;
; N/A                                     ; None                                                ; 13.699 ns       ; a[3]  ; s[6]  ;
; N/A                                     ; None                                                ; 13.696 ns       ; a[7]  ; s[11] ;
; N/A                                     ; None                                                ; 13.663 ns       ; a[8]  ; s[12] ;
; N/A                                     ; None                                                ; 13.616 ns       ; b[0]  ; s[6]  ;
; N/A                                     ; None                                                ; 13.596 ns       ; b[1]  ; s[6]  ;
; N/A                                     ; None                                                ; 13.589 ns       ; a[7]  ; s[8]  ;
; N/A                                     ; None                                                ; 13.578 ns       ; a[9]  ; s[12] ;
; N/A                                     ; None                                                ; 13.562 ns       ; a[0]  ; s[6]  ;
; N/A                                     ; None                                                ; 13.554 ns       ; b[3]  ; s[4]  ;
; N/A                                     ; None                                                ; 13.527 ns       ; b[12] ; g     ;
; N/A                                     ; None                                                ; 13.526 ns       ; b[1]  ; s[9]  ;
; N/A                                     ; None                                                ; 13.526 ns       ; a[5]  ; s[9]  ;
; N/A                                     ; None                                                ; 13.510 ns       ; a[1]  ; s[13] ;
; N/A                                     ; None                                                ; 13.489 ns       ; a[12] ; g     ;
; N/A                                     ; None                                                ; 13.471 ns       ; cin   ; s[14] ;
; N/A                                     ; None                                                ; 13.468 ns       ; b[3]  ; s[5]  ;
; N/A                                     ; None                                                ; 13.467 ns       ; b[3]  ; g     ;
; N/A                                     ; None                                                ; 13.456 ns       ; b[5]  ; g     ;
; N/A                                     ; None                                                ; 13.395 ns       ; b[3]  ; s[11] ;
; N/A                                     ; None                                                ; 13.390 ns       ; b[2]  ; s[6]  ;
; N/A                                     ; None                                                ; 13.385 ns       ; b[5]  ; s[11] ;
; N/A                                     ; None                                                ; 13.380 ns       ; a[7]  ; s[9]  ;
; N/A                                     ; None                                                ; 13.352 ns       ; b[8]  ; s[10] ;
; N/A                                     ; None                                                ; 13.298 ns       ; a[1]  ; s[12] ;
; N/A                                     ; None                                                ; 13.288 ns       ; b[3]  ; s[8]  ;
; N/A                                     ; None                                                ; 13.278 ns       ; b[5]  ; s[8]  ;
; N/A                                     ; None                                                ; 13.277 ns       ; b[15] ; g     ;
; N/A                                     ; None                                                ; 13.276 ns       ; cin   ; s[3]  ;
; N/A                                     ; None                                                ; 13.273 ns       ; a[3]  ; g     ;
; N/A                                     ; None                                                ; 13.226 ns       ; b[1]  ; g     ;
; N/A                                     ; None                                                ; 13.201 ns       ; a[3]  ; s[11] ;
; N/A                                     ; None                                                ; 13.200 ns       ; b[7]  ; g     ;
; N/A                                     ; None                                                ; 13.199 ns       ; b[1]  ; s[3]  ;
; N/A                                     ; None                                                ; 13.183 ns       ; b[6]  ; g     ;
; N/A                                     ; None                                                ; 13.182 ns       ; a[3]  ; s[4]  ;
; N/A                                     ; None                                                ; 13.179 ns       ; b[10] ; g     ;
; N/A                                     ; None                                                ; 13.173 ns       ; b[2]  ; s[11] ;
; N/A                                     ; None                                                ; 13.166 ns       ; b[12] ; p     ;
; N/A                                     ; None                                                ; 13.144 ns       ; cin   ; s[13] ;
; N/A                                     ; None                                                ; 13.129 ns       ; b[7]  ; s[11] ;
; N/A                                     ; None                                                ; 13.116 ns       ; b[0]  ; s[3]  ;
; N/A                                     ; None                                                ; 13.114 ns       ; a[1]  ; s[7]  ;
; N/A                                     ; None                                                ; 13.112 ns       ; b[6]  ; s[11] ;
; N/A                                     ; None                                                ; 13.099 ns       ; b[0]  ; s[4]  ;
; N/A                                     ; None                                                ; 13.096 ns       ; a[3]  ; s[5]  ;
; N/A                                     ; None                                                ; 13.094 ns       ; a[15] ; g     ;
; N/A                                     ; None                                                ; 13.094 ns       ; a[3]  ; s[8]  ;
; N/A                                     ; None                                                ; 13.079 ns       ; b[3]  ; s[9]  ;
; N/A                                     ; None                                                ; 13.069 ns       ; b[5]  ; s[9]  ;
; N/A                                     ; None                                                ; 13.067 ns       ; a[0]  ; s[3]  ;
; N/A                                     ; None                                                ; 13.066 ns       ; b[2]  ; s[8]  ;
; N/A                                     ; None                                                ; 13.045 ns       ; a[0]  ; s[4]  ;
; N/A                                     ; None                                                ; 13.044 ns       ; b[12] ; s[15] ;
; N/A                                     ; None                                                ; 13.040 ns       ; a[11] ; g     ;
; N/A                                     ; None                                                ; 13.035 ns       ; a[2]  ; s[6]  ;
; N/A                                     ; None                                                ; 13.022 ns       ; b[7]  ; s[8]  ;
; N/A                                     ; None                                                ; 13.021 ns       ; a[15] ; p     ;
; N/A                                     ; None                                                ; 13.014 ns       ; b[2]  ; g     ;
; N/A                                     ; None                                                ; 13.013 ns       ; b[0]  ; s[5]  ;
; N/A                                     ; None                                                ; 13.005 ns       ; b[6]  ; s[8]  ;
; N/A                                     ; None                                                ; 13.004 ns       ; a[4]  ; g     ;
; N/A                                     ; None                                                ; 12.993 ns       ; b[1]  ; s[5]  ;
; N/A                                     ; None                                                ; 12.987 ns       ; b[3]  ; s[3]  ;
; N/A                                     ; None                                                ; 12.959 ns       ; a[0]  ; s[5]  ;
; N/A                                     ; None                                                ; 12.954 ns       ; b[11] ; g     ;
; N/A                                     ; None                                                ; 12.933 ns       ; a[4]  ; s[11] ;
; N/A                                     ; None                                                ; 12.932 ns       ; cin   ; s[12] ;
; N/A                                     ; None                                                ; 12.918 ns       ; a[8]  ; s[10] ;
; N/A                                     ; None                                                ; 12.917 ns       ; b[1]  ; s[4]  ;
; N/A                                     ; None                                                ; 12.905 ns       ; b[0]  ; s[11] ;
; N/A                                     ; None                                                ; 12.885 ns       ; a[3]  ; s[9]  ;
; N/A                                     ; None                                                ; 12.875 ns       ; b[8]  ; g     ;
; N/A                                     ; None                                                ; 12.873 ns       ; b[0]  ; g     ;
; N/A                                     ; None                                                ; 12.873 ns       ; b[2]  ; s[4]  ;
; N/A                                     ; None                                                ; 12.867 ns       ; a[5]  ; p     ;
; N/A                                     ; None                                                ; 12.865 ns       ; a[6]  ; g     ;
; Timing analysis restricted to 200 rows. ; To change the limit use Settings (Assignments menu) ;                 ;       ;       ;
+-----------------------------------------+-----------------------------------------------------+-----------------+-------+-------+


+--------------------------+
; Timing Analyzer Messages ;
+--------------------------+
Info: *******************************************************************
Info: Running Quartus II Classic Timing Analyzer
    Info: Version 9.1 Build 350 03/24/2010 Service Pack 2 SJ Web Edition
    Info: Processing started: Fri Jun 08 09:25:57 2018
Info: Command: quartus_tan --read_settings_files=off --write_settings_files=off cla16 -c cla16 --timing_analysis_only
Info: Longest tpd from source pin "a[5]" to destination pin "s[15]" is 16.798 ns
    Info: 1: + IC(0.000 ns) + CELL(0.850 ns) = 0.850 ns; Loc. = PIN_53; Fanout = 4; PIN Node = 'a[5]'
    Info: 2: + IC(5.947 ns) + CELL(0.275 ns) = 7.072 ns; Loc. = LCCOMB_X20_Y11_N2; Fanout = 2; COMB Node = 'cla4:cla4_2|vuaparalela:carry|c~0'
    Info: 3: + IC(0.259 ns) + CELL(0.420 ns) = 7.751 ns; Loc. = LCCOMB_X20_Y11_N26; Fanout = 3; COMB Node = 'cla4:cla4_2|vuaparalela:carry|gg~1'
    Info: 4: + IC(1.001 ns) + CELL(0.438 ns) = 9.190 ns; Loc. = LCCOMB_X22_Y10_N6; Fanout = 3; COMB Node = 'vuaparalela16bits:vua_16|c~4'
    Info: 5: + IC(1.809 ns) + CELL(0.419 ns) = 11.418 ns; Loc. = LCCOMB_X12_Y5_N10; Fanout = 1; COMB Node = 'cla4:cla4_4|vuaparalela:carry|c~3'
    Info: 6: + IC(0.681 ns) + CELL(0.420 ns) = 12.519 ns; Loc. = LCCOMB_X10_Y5_N0; Fanout = 1; COMB Node = 'cla4:cla4_4|fulladder_pg:somador3|s'
    Info: 7: + IC(1.637 ns) + CELL(2.642 ns) = 16.798 ns; Loc. = PIN_87; Fanout = 0; PIN Node = 's[15]'
    Info: Total cell delay = 5.464 ns ( 32.53 % )
    Info: Total interconnect delay = 11.334 ns ( 67.47 % )
Info: Quartus II Classic Timing Analyzer was successful. 0 errors, 0 warnings
    Info: Peak virtual memory: 166 megabytes
    Info: Processing ended: Fri Jun 08 09:25:57 2018
    Info: Elapsed time: 00:00:00
    Info: Total CPU time (on all processors): 00:00:00


