Flow report for gates
Fri Mar 30 16:39:01 2018
Quartus II 32-bit Version 11.1 Build 173 11/01/2011 SJ Web Edition


---------------------
; Table of Contents ;
---------------------
  1. Legal Notice
  2. Flow Summary
  3. Flow Settings
  4. Flow Non-Default Global Settings
  5. Flow Elapsed Time
  6. Flow OS Summary
  7. Flow Log



----------------
; Legal Notice ;
----------------
Copyright (C) 1991-2011 Altera Corporation
Your use of Altera Corporation's design tools, logic functions 
and other software and tools, and its AMPP partner logic 
functions, and any output files from any of the foregoing 
(including device programming or simulation files), and any 
associated documentation or information are expressly subject 
to the terms and conditions of the Altera Program License 
Subscription Agreement, Altera MegaCore Function License 
Agreement, or other applicable license agreement, including, 
without limitation, that your use is for the sole purpose of 
programming logic devices manufactured by Altera and sold by 
Altera or its authorized distributors.  Please refer to the 
applicable agreement for further details.



+-------------------------------------------------------------------------------+
; Flow Summary                                                                  ;
+------------------------------------+------------------------------------------+
; Flow Status                        ; Successful - Fri Mar 30 16:39:00 2018    ;
; Quartus II 32-bit Version          ; 11.1 Build 173 11/01/2011 SJ Web Edition ;
; Revision Name                      ; gates                                    ;
; Top-level Entity Name              ; gates                                    ;
; Family                             ; Cyclone II                               ;
; Device                             ; EP2C5T144C6                              ;
; Timing Models                      ; Final                                    ;
; Total logic elements               ; 12 / 4,608 ( < 1 % )                     ;
;     Total combinational functions  ; 12 / 4,608 ( < 1 % )                     ;
;     Dedicated logic registers      ; 0 / 4,608 ( 0 % )                        ;
; Total registers                    ; 0                                        ;
; Total pins                         ; 28 / 89 ( 31 % )                         ;
; Total virtual pins                 ; 0                                        ;
; Total memory bits                  ; 0 / 119,808 ( 0 % )                      ;
; Embedded Multiplier 9-bit elements ; 0 / 26 ( 0 % )                           ;
; Total PLLs                         ; 0 / 2 ( 0 % )                            ;
+------------------------------------+------------------------------------------+


+-----------------------------------------+
; Flow Settings                           ;
+-------------------+---------------------+
; Option            ; Setting             ;
+-------------------+---------------------+
; Start date & time ; 03/30/2018 16:38:31 ;
; Main task         ; Compilation         ;
; Revision Name     ; gates               ;
+-------------------+---------------------+


+-----------------------------------------------------------------------------------------------------------------------+
; Flow Non-Default Global Settings                                                                                      ;
+--------------------------------------+--------------------------------+---------------+-------------+-----------------+
; Assignment Name                      ; Value                          ; Default Value ; Entity Name ; Section Id      ;
+--------------------------------------+--------------------------------+---------------+-------------+-----------------+
; COMPILER_SIGNATURE_ID                ; 31032336222348.152243871106448 ; --            ; --          ; --              ;
; EDA_DESIGN_INSTANCE_NAME             ; dut                            ; --            ; --          ; testbench_gates ;
; EDA_NATIVELINK_SIMULATION_TEST_BENCH ; testbench_gates                ; --            ; --          ; eda_simulation  ;
; EDA_OUTPUT_DATA_FORMAT               ; Vhdl                           ; --            ; --          ; eda_simulation  ;
; EDA_SIMULATION_TOOL                  ; ModelSim-Altera (VHDL)         ; <None>        ; --          ; --              ;
; EDA_TEST_BENCH_ENABLE_STATUS         ; TEST_BENCH_MODE                ; --            ; --          ; eda_simulation  ;
; EDA_TEST_BENCH_FILE                  ; testbench/testbench_gates.vhd  ; --            ; --          ; testbench_gates ;
; EDA_TEST_BENCH_MODULE_NAME           ; testbench_gates                ; --            ; --          ; testbench_gates ;
; EDA_TEST_BENCH_NAME                  ; testbench_gates                ; --            ; --          ; eda_simulation  ;
; MAX_CORE_JUNCTION_TEMP               ; 85                             ; --            ; --          ; --              ;
; MIN_CORE_JUNCTION_TEMP               ; 0                              ; --            ; --          ; --              ;
; PARTITION_COLOR                      ; 16764057                       ; --            ; --          ; Top             ;
; PARTITION_FITTER_PRESERVATION_LEVEL  ; PLACEMENT_AND_ROUTING          ; --            ; --          ; Top             ;
; PARTITION_NETLIST_TYPE               ; SOURCE                         ; --            ; --          ; Top             ;
; USE_GENERATED_PHYSICAL_CONSTRAINTS   ; Off                            ; --            ; --          ; eda_blast_fpga  ;
+--------------------------------------+--------------------------------+---------------+-------------+-----------------+


+-------------------------------------------------------------------------------------------------------------------------------+
; Flow Elapsed Time                                                                                                             ;
+---------------------------+--------------+-------------------------+---------------------+------------------------------------+
; Module Name               ; Elapsed Time ; Average Processors Used ; Peak Virtual Memory ; Total CPU Time (on all processors) ;
+---------------------------+--------------+-------------------------+---------------------+------------------------------------+
; Analysis & Synthesis      ; 00:00:07     ; 1.0                     ; 383 MB              ; 00:00:01                           ;
; Fitter                    ; 00:00:06     ; 1.0                     ; 420 MB              ; 00:00:02                           ;
; Assembler                 ; 00:00:04     ; 1.0                     ; 345 MB              ; 00:00:01                           ;
; TimeQuest Timing Analyzer ; 00:00:06     ; 1.0                     ; 338 MB              ; 00:00:01                           ;
; EDA Netlist Writer        ; 00:00:01     ; 1.0                     ; 319 MB              ; 00:00:00                           ;
; Total                     ; 00:00:24     ; --                      ; --                  ; 00:00:05                           ;
+---------------------------+--------------+-------------------------+---------------------+------------------------------------+


+----------------------------------------------------------------------------------------+
; Flow OS Summary                                                                        ;
+---------------------------+------------------+-----------+------------+----------------+
; Module Name               ; Machine Hostname ; OS Name   ; OS Version ; Processor type ;
+---------------------------+------------------+-----------+------------+----------------+
; Analysis & Synthesis      ; LAPTOP-M2S8UF0S  ; Windows 7 ; 6.2        ; x86_64         ;
; Fitter                    ; LAPTOP-M2S8UF0S  ; Windows 7 ; 6.2        ; x86_64         ;
; Assembler                 ; LAPTOP-M2S8UF0S  ; Windows 7 ; 6.2        ; x86_64         ;
; TimeQuest Timing Analyzer ; LAPTOP-M2S8UF0S  ; Windows 7 ; 6.2        ; x86_64         ;
; EDA Netlist Writer        ; LAPTOP-M2S8UF0S  ; Windows 7 ; 6.2        ; x86_64         ;
+---------------------------+------------------+-----------+------------+----------------+


------------
; Flow Log ;
------------
quartus_map --read_settings_files=on --write_settings_files=off gates -c gates
quartus_fit --read_settings_files=off --write_settings_files=off gates -c gates
quartus_asm --read_settings_files=off --write_settings_files=off gates -c gates
quartus_sta gates -c gates
quartus_eda --read_settings_files=off --write_settings_files=off gates -c gates



